INFO    : PreTeXt-CLI version: 2.3.9

INFO    : PreTeXt project found in `/home/sk/Desktop/Kepl_planet`.
WARNING : Using CLI version 2.3.9 but project's `requirements.txt`
WARNING : is configured to use 1.5.3. Consider either installing
WARNING : CLI version 1.5.3 or running `pretext init --refresh`
WARNING : to update `requirements.txt` to match 2.3.9.
INFO    : Preparing to build into /home/sk/Desktop/Kepl_planet/output/web.
INFO    : discovering source file's directory name: /home/sk/Desktop/Kepl_planet/source
INFO    : verifying and expanding input directory: /home/sk/Desktop/Kepl_planet/source/../generated-assets
INFO    : input directory expanded to absolute path: /home/sk/Desktop/Kepl_planet/generated-assets
INFO    : verifying and expanding input directory: /home/sk/Desktop/Kepl_planet/source/../assets
INFO    : input directory expanded to absolute path: /home/sk/Desktop/Kepl_planet/assets
INFO    : Runestone Services (via PreTeXt repository): version 7.2.9
INFO    : Runestone Services (using newer, via online CDN query): version 7.2.15
INFO    : converting /home/sk/Desktop/Kepl_planet/source/main.ptx to HTML in /tmp/tmpekklh2g8
INFO    : XSL conversion of /home/sk/Desktop/Kepl_planet/source/main.ptx by /home/sk/.ptx/xsl/pretext-html.xsl
INFO    : comprehensive messages, warnings, and errors:
INFO    :     * PTX:ERROR: the @xml:id value "subsec-altKI" should be unique, but is authored 2 times.
INFO    :     *            Results will be unpredictable, and likely incorrect.  Information on the locations follows:
INFO    :     *              located within: "subsec-altKI" (xml:id), "Alternate Derivation of Kepler's I law" (title)
INFO    :     *              located within: "subsec-altKI" (xml:id), "Alternate Derivation of Kepler's I law" (title)
INFO    :     * PTX:ERROR: the @xml:id value "eqn-Ki1" should be unique, but is authored 2 times.
INFO    :     *            Results will be unpredictable, and likely incorrect.  Information on the locations follows:
INFO    :     *              located within: "eqn-Ki1" (xml:id)
INFO    :     *              located within: "eqn-Ki1" (xml:id)
INFO    :     * PTX:ERROR: the @xml:id value "eqn-Ki2" should be unique, but is authored 2 times.
INFO    :     *            Results will be unpredictable, and likely incorrect.  Information on the locations follows:
INFO    :     *              located within: "eqn-Ki2" (xml:id)
INFO    :     *              located within: "eqn-Ki2" (xml:id)
INFO    :     * PTX:WARNING: A section containing subsections needs to have other content inside an <introduction> and/or  <conclusion>.
INFO    :     *              located within: "sec-kepII_law" (xml:id), "Derivation of Kepler's II Law" (title)
INFO    : successful application of /home/sk/.ptx/xsl/pretext-html.xsl
INFO    : 
Success! Run `pretext view` to see the results.

