INFO    : PreTeXt-CLI version: 2.3.9

INFO    : PreTeXt project found in `/home/sk/Desktop/Kepl_planet`.
WARNING : Using CLI version 2.3.9 but project's `requirements.txt`
WARNING : is configured to use 1.5.3. Consider either installing
WARNING : CLI version 1.5.3 or running `pretext init --refresh`
WARNING : to update `requirements.txt` to match 2.3.9.
WARNING : Publication file at publication/publication.ptx does not exist.
WARNING : web will not be available.
WARNING : Publication file at publication/publication.ptx does not exist.
WARNING : print will not be available.
WARNING : Publication file at publication/publication.ptx does not exist.
WARNING : print-latex will not be available.
WARNING : Publication file at publication/publication.ptx does not exist.
WARNING : ebook will not be available.
WARNING : Publication file at publication/publication.ptx does not exist.
WARNING : subset will not be available.
CRITICAL: There is not a target named "web" for this project.ptx manifest.
INFO    : The available targets to build are named: [].  Try to build on of those instead or edit your project.ptx manifest.
CRITICAL: Exiting without completing build.
INFO    : While running pretext, the following errors occurred:

